<?xml version="1.0" encoding="UTF-8"?>
<testng-results ignored="8" total="9" passed="1" failed="0" skipped="0">
  <reporter-output>
  </reporter-output>
  <suite started-at="2024-09-30T13:42:56 IST" name="Suite" finished-at="2024-09-30T13:42:56 IST" duration-ms="47">
    <groups>
      <group name="Smoke">
        <method signature="TestPIMPage.viewEmployeeList()[pri:4, instance:com.Hrms.tests.TestPIMPage@13e344d]" name="viewEmployeeList" class="com.Hrms.tests.TestPIMPage"/>
      </group> <!-- Smoke -->
    </groups>
    <test started-at="2024-09-30T13:42:56 IST" name="Smoke Testing" finished-at="2024-09-30T13:42:56 IST" duration-ms="47">
      <class name="com.Hrms.tests.TestPIMPage">
        <test-method signature="viewEmployeeList()[pri:4, instance:com.Hrms.tests.TestPIMPage@13e344d]" started-at="2024-09-30T13:42:56 IST" name="viewEmployeeList" description="Verify that the employee list is displayed correctly with accurate information" finished-at="2024-09-30T13:42:56 IST" duration-ms="9" status="PASS">
          <reporter-output>
          </reporter-output>
        </test-method> <!-- viewEmployeeList -->
      </class> <!-- com.Hrms.tests.TestPIMPage -->
    </test> <!-- Smoke Testing -->
  </suite> <!-- Suite -->
</testng-results>
